<?xml version="1.0" encoding="UTF-8" ?>
<testsuite errors="0" failures="1" hostname="piercebook" name="org.netbeans.modules.compapp.catd.ConfiguredTest" tests="1" time="1.203" timestamp="2011-01-14T10:14:51">
  <properties>
[...]
</properties>
  <testcase classname="org.netbeans.modules.compapp.catd.ConfiguredTest" name="TestSingleItem" time="1.187">
    <failure message="[14.01.2011 11:14:52] The response is not identical to the expected output." type="junit.framework.AssertionFailedError">junit.framework.AssertionFailedError: [14.01.2011 11:14:52] The response is not identical to the expected output.
	at org.netbeans.modules.compapp.catd.ConfiguredTest.checkExpectedOutput(ConfiguredTest.java:2348)
	at org.netbeans.modules.compapp.catd.ConfiguredTest.checkExpectedOutput(ConfiguredTest.java:2218)
	at org.netbeans.modules.compapp.catd.ConfiguredTest.testConcurrentSOAPRequest(ConfiguredTest.java:862)
</failure>
  </testcase>
  <system-out><![CDATA[GenerateATSOutput=${generate.ats.output}
NetBeansUserDir=/opt/GlassFishESBv22/.netbeans/glassfishesb
file.encoding=UTF-8
file.encoding.pkg=sun.io
file.separator=/
inDebug=${inDebug}
java.awt.graphicsenv=sun.awt.X11GraphicsEnvironment
java.awt.printerjob=sun.print.PSPrinterJob
java.class.path=/opt/GlassFishESBv22/netbeans/soa2/modules/org-netbeans-modules-compapp-manager-jbi.jar:/opt/GlassFishESBv22/netbeans/soa2/modules/org-netbeans-modules-compapp-projects-jbi.jar:/opt/GlassFishESBv22/netbeans/soa2/modules/ext/jbi/jbi-admin-common.jar:/opt/GlassFishESBv22/netbeans/soa2/modules/ext/jbi/catd.jar:/opt/GlassFishESBv22/netbeans/java2/modules/ext/junit-3.8.2.jar:/opt/GlassFishESBv22/netbeans/java2/modules/ext/jaxws21/api/saaj-api.jar:/opt/GlassFishESBv22/netbeans/java2/modules/ext/jaxws21/saaj-impl.jar:/opt/GlassFishESBv22/netbeans/java2/modules/ext/jaxws21/FastInfoset.jar:/opt/GlassFishESBv22/netbeans/ide11/modules/org-netbeans-modules-editor-lib.jar:/opt/GlassFishESBv22/netbeans/ide11/modules/org-netbeans-modules-editor.jar:/opt/GlassFishESBv22/netbeans/ide11/modules/org-netbeans-modules-editor-util.jar:/opt/GlassFishESBv22/netbeans/ide11/modules/org-netbeans-modules-editor-lib2.jar:/opt/GlassFishESBv22/netbeans/ide11/modules/org-netbeans-modules-editor-indent.jar:/opt/GlassFishESBv22/netbeans/ide11/modules/org-netbeans-modules-editor-plain.jar:/opt/GlassFishESBv22/netbeans/ide11/modules/org-netbeans-modules-editor-plain-lib.jar:/opt/GlassFishESBv22/netbeans/ide11/modules/org-netbeans-modules-editor-settings.jar:/opt/GlassFishESBv22/netbeans/ide11/modules/org-netbeans-modules-editor-settings-storage.jar:/opt/GlassFishESBv22/netbeans/ide11/modules/org-netbeans-modules-lexer.jar:/opt/GlassFishESBv22/netbeans/ide11/modules/org-netbeans-modules-xml-core.jar:/opt/GlassFishESBv22/netbeans/ide11/modules/org-netbeans-modules-xml-lexer.jar:/opt/GlassFishESBv22/netbeans/ide11/modules/org-netbeans-modules-xml-text.jar:/opt/GlassFishESBv22/netbeans/ide11/modules/org-netbeans-modules-xml-xdm.jar:/opt/GlassFishESBv22/netbeans/ide11/modules/org-netbeans-modules-xml-xam.jar:/opt/GlassFishESBv22/netbeans/ide11/modules/org-netbeans-modules-csl-api.jar:/opt/GlassFishESBv22/netbeans/ide11/modules/ext/jaxb/activation.jar:/opt/GlassFishESBv22/netbeans/platform10/lib/org-openide-modules.jar:/opt/GlassFishESBv22/netbeans/platform10/lib/org-openide-util.jar:/opt/GlassFishESBv22/netbeans/platform10/modules/org-openide-options.jar:/opt/GlassFishESBv22/netbeans/platform10/modules/org-openide-text.jar:/opt/GlassFishESBv22/netbeans/platform10/modules/org-openide-loaders.jar:/opt/GlassFishESBv22/netbeans/platform10/modules/org-openide-nodes.jar:/opt/GlassFishESBv22/netbeans/platform10/modules/org-netbeans-modules-editor-mimelookup.jar:/opt/GlassFishESBv22/netbeans/platform10/modules/org-netbeans-modules-editor-mimelookup-impl.jar:/opt/GlassFishESBv22/netbeans/platform10/core/org-openide-filesystems.jar:/opt/GlassFishESBv22/netbeans/java2/ant/lib/ant-launcher.jar:/opt/GlassFishESBv22/netbeans/java2/ant/lib/ant.jar:/opt/GlassFishESBv22/netbeans/java2/ant/patches/72080.jar
java.class.version=50.0
java.endorsed.dirs=/usr/lib/jvm/java-6-sun-1.6.0.22/jre/lib/endorsed
java.ext.dirs=/usr/lib/jvm/java-6-sun-1.6.0.22/jre/lib/ext:/usr/java/packages/lib/ext
java.home=/usr/lib/jvm/java-6-sun-1.6.0.22/jre
java.io.tmpdir=/tmp
java.library.path=/usr/lib/jvm/java-6-sun-1.6.0.22/jre/lib/amd64/server:/usr/lib/jvm/java-6-sun-1.6.0.22/jre/lib/amd64:/usr/lib/jvm/java-6-sun-1.6.0.22/jre/../lib/amd64:/usr/java/packages/lib/amd64:/usr/lib64:/lib64:/lib:/usr/lib
java.runtime.name=Java(TM) SE Runtime Environment
java.runtime.version=1.6.0_22-b04
java.specification.name=Java Platform API Specification
java.specification.vendor=Sun Microsystems Inc.
java.specification.version=1.6
java.vendor=Sun Microsystems Inc.
java.vendor.url=http://java.sun.com/
java.vendor.url.bug=http://java.sun.com/cgi-bin/bugreport.cgi
java.version=1.6.0_22
java.vm.info=mixed mode
java.vm.name=Java HotSpot(TM) 64-Bit Server VM
java.vm.specification.name=Java Virtual Machine Specification
java.vm.specification.vendor=Sun Microsystems Inc.
java.vm.specification.version=1.0
java.vm.vendor=Sun Microsystems Inc.
java.vm.version=17.1-b03
line.separator=

org.netbeans.modules.compapp.catd.context=
os.arch=amd64
os.name=Linux
os.version=2.6.35-24-generic
path.separator=:
sun.arch.data.model=64
sun.boot.class.path=/usr/lib/jvm/java-6-sun-1.6.0.22/jre/lib/resources.jar:/usr/lib/jvm/java-6-sun-1.6.0.22/jre/lib/rt.jar:/usr/lib/jvm/java-6-sun-1.6.0.22/jre/lib/sunrsasign.jar:/usr/lib/jvm/java-6-sun-1.6.0.22/jre/lib/jsse.jar:/usr/lib/jvm/java-6-sun-1.6.0.22/jre/lib/jce.jar:/usr/lib/jvm/java-6-sun-1.6.0.22/jre/lib/charsets.jar:/usr/lib/jvm/java-6-sun-1.6.0.22/jre/classes
sun.boot.library.path=/usr/lib/jvm/java-6-sun-1.6.0.22/jre/lib/amd64
sun.cpu.endian=little
sun.cpu.isalist=
sun.desktop=gnome
sun.io.unicode.encoding=UnicodeLittle
sun.java.launcher=SUN_STANDARD
sun.jnu.encoding=UTF-8
sun.management.compiler=HotSpot 64-Bit Server Compiler
sun.os.patch.level=unknown
user.country=AT
user.dir=/home/smolle/Dropbox/Uni/Master/Advanced Internet Computing/advanced-internet-computing-WS10/OrderComposition
user.home=/home/smolle
user.language=de
user.name=smolle
user.timezone=Europe/Vienna
Test TestSingleItem\Concurrent.properties
  * Difference (Delete): result
  * Difference (Add): SOAP-ENV:Fault
 Failed. (Destination: http://localhost:9080/OrderProcessService/OrderProcessPort)
]]></system-out>
  <system-err><![CDATA[14.01.2011 11:14:52 org.netbeans.modules.csl.core.LanguageRegistry readSfs
INFO: No CslPlugins folder
]]></system-err>
</testsuite>
